Program src/programs/in/p1err.txt
--------------------------------------------------------------------------------
Identifiers
SymbolTable (implemented as a hashTable)
(  )
( max,  )
(  )
(  )
(  )
(  )
( a,  )
( b,  )
( c,  )
(  )
(  )
(  )
(  )
--------------------------------------------------------------------------------
Constants
SymbolTable (implemented as a hashTable)
( "The max of the 3 numbers is",  )
(  )
(  )
(  )
(  )
(  )
(  )
(  )
(  )
( 0,  )
(  )
(  )
(  )
--------------------------------------------------------------------------------
PIF
( (-1, -1), declare )
( (6, 0), id )
( (-1, -1), ; )
( (-1, -1), declare )
( (7, 0), id )
( (-1, -1), ; )
( (-1, -1), declare )
( (8, 0), id )
( (-1, -1), ; )
( (-1, -1), declare )
( (1, 0), id )
( (-1, -1), = )
( (9, 0), const )
( (-1, -1), ; )
( (-1, -1), read_number )
( (-1, -1), ( )
( (6, 0), id )
( (-1, -1), ) )
( (-1, -1), ; )
( (-1, -1), read_number )
( (-1, -1), ( )
( (7, 0), id )
( (-1, -1), ) )
( (-1, -1), ; )
( (-1, -1), read_number )
( (-1, -1), ( )
( (8, 0), id )
( (-1, -1), ) )
( (-1, -1), ; )
( (-1, -1), if )
( (6, 0), id )
( (-1, -1), ` )
( (6, 0), id )
( (-1, -1), is )
( (-1, -1), greater )
( (-1, -1), than )
( (1, 0), id )
( (-1, -1), ` )
( (1, 0), id )
( (-1, -1), then )
( (-1, -1), { )
( (1, 0), id )
( (-1, -1), = )
( (6, 0), id )
( (-1, -1), ; )
( (-1, -1), } )
( (-1, -1), ; )
( (-1, -1), if )
( (1, 0), id )
( (-1, -1), = )
( (7, 0), id )
( (-1, -1), ; )
( (-1, -1), } )
( (-1, -1), ; )
( (-1, -1), if )
( (8, 0), id )
( (-1, -1), ` )
( (8, 0), id )
( (-1, -1), is )
( (-1, -1), greater )
( (-1, -1), than )
( (1, 0), id )
( (-1, -1), ` )
( (1, 0), id )
( (-1, -1), then )
( (-1, -1), { )
( (1, 0), id )
( (-1, -1), = )
( (8, 0), id )
( (-1, -1), ; )
( (-1, -1), } )
( (-1, -1), ; )
( (-1, -1), print )
( (-1, -1), << )
( (0, 0), const )
( (-1, -1), << )
