Program src/programs/in/p2.txt
--------------------------------------------------------------------------------
Identifiers
SymbolTable (implemented as a hashTable)
(  )
( i,  )
(  )
(  )
(  )
(  )
(  )
(  )
(  )
(  )
(  )
( num,  )
(  )
--------------------------------------------------------------------------------
Constants
SymbolTable (implemented as a hashTable)
(  )
(  )
( "Number is prime",  )
(  )
(  )
(  )
(  )
( "Number is not prime",  )
(  )
( 0,  )
( 1,  )
( 2,  )
(  )
--------------------------------------------------------------------------------
PIF
( (-1, -1), declare )
( (11, 0), id )
( (-1, -1), ; )
( (-1, -1), read_number )
( (-1, -1), ( )
( (11, 0), id )
( (-1, -1), ) )
( (-1, -1), ; )
( (-1, -1), if )
( (11, 0), id )
( (-1, -1), ` )
( (11, 0), id )
( (-1, -1), is )
( (-1, -1), greater )
( (-1, -1), than )
( (10, 0), const )
( (-1, -1), then )
( (-1, -1), { )
( (-1, -1), for )
( (1, 0), id )
( (-1, -1), ` )
( (1, 0), id )
( (-1, -1), from )
( (-1, -1), ( )
( (11, 0), const )
( (-1, -1), to )
( (11, 0), id )
( (-1, -1), ` )
( (11, 0), id )
( (-1, -1), with )
( (-1, -1), step )
( (10, 0), const )
( (-1, -1), ) )
( (-1, -1), { )
( (-1, -1), if )
( (-1, -1), ( )
( (11, 0), id )
( (-1, -1), ` )
( (11, 0), id )
( (-1, -1), div )
( (11, 0), const )
( (-1, -1), ) )
( (-1, -1), is )
( (-1, -1), equal )
( (-1, -1), to )
( (9, 0), const )
( (-1, -1), then )
( (-1, -1), { )
( (-1, -1), print )
( (-1, -1), << )
( (7, 0), const )
( (-1, -1), ; )
( (-1, -1), break )
( (-1, -1), ; )
( (-1, -1), } )
( (-1, -1), ; )
( (-1, -1), } )
( (-1, -1), ; )
( (-1, -1), print )
( (-1, -1), << )
( (2, 0), const )
( (-1, -1), ; )
( (-1, -1), } )
( (-1, -1), ; )
( (-1, -1), else )
( (-1, -1), do )
( (-1, -1), { )
( (-1, -1), print )
( (-1, -1), << )
( (7, 0), const )
( (-1, -1), ; )
( (-1, -1), } )
( (-1, -1), ; )
