Program src/programs/in/p3.txt
--------------------------------------------------------------------------------
Identifiers
SymbolTable (implemented as a hashTable)
(  )
( i,  )
(  )
( sum,  )
(  )
(  )
( n,  )
(  )
(  )
(  )
(  )
(  )
( number,  )
--------------------------------------------------------------------------------
Constants
SymbolTable (implemented as a hashTable)
( "numbers",  )
(  )
(  )
(  )
(  )
(  )
( "Enter",  )
( 20,  )
( "Sum of the numbers is",  )
( 0,  )
( 1,  )
(  )
(  )
--------------------------------------------------------------------------------
PIF
( (-1, -1), declare )
( (6, 0), id )
( (-1, -1), ; )
( (-1, -1), declare )
( (3, 0), id )
( (-1, -1), = )
( (7, 0), const )
( (-1, -1), ; )
( (-1, -1), declare )
( (12, 0), id )
( (-1, -1), ; )
( (-1, -1), read_number )
( (-1, -1), ( )
( (6, 0), id )
( (-1, -1), ) )
( (-1, -1), ; )
( (-1, -1), print )
( (-1, -1), << )
( (6, 0), const )
( (-1, -1), << )
( (-1, -1), convert_to_string )
( (-1, -1), ( )
( (6, 0), id )
( (-1, -1), ) )
( (-1, -1), << )
( (0, 0), const )
( (-1, -1), ; )
( (-1, -1), for )
( (1, 0), id )
( (-1, -1), ` )
( (1, 0), id )
( (-1, -1), from )
( (-1, -1), ( )
( (9, 0), const )
( (-1, -1), to )
( (6, 0), id )
( (-1, -1), ` )
( (6, 0), id )
( (-1, -1), with )
( (-1, -1), step )
( (10, 0), const )
( (-1, -1), ) )
( (-1, -1), { )
( (-1, -1), read_number )
( (-1, -1), ( )
( (12, 0), id )
( (-1, -1), ) )
( (-1, -1), ; )
( (3, 0), id )
( (-1, -1), = )
( (3, 0), id )
( (-1, -1), + )
( (12, 0), id )
( (-1, -1), ; )
( (-1, -1), } )
( (-1, -1), ; )
( (-1, -1), print )
( (-1, -1), << )
( (8, 0), const )
( (-1, -1), << )
( (-1, -1), convert_to_string )
( (-1, -1), ( )
( (3, 0), id )
( (-1, -1), ) )
( (-1, -1), ; )
